<?xml version="1.0" encoding="UTF-8"?>
<testsuite xmlns:xsi="http://www.w3.org/2001/XMLSchema-instance" xsi:noNamespaceSchemaLocation="https://maven.apache.org/surefire/maven-surefire-plugin/xsd/surefire-test-report.xsd" name="CMSinaipi" time="135.473" tests="10" errors="0" skipped="0" failures="0">
  <properties>
[...]
</properties>
  <testcase name="Successful Login with Valid Credentials" classname="CMSinaipi" time="16.717"/>
  <testcase name="Successful add the customer details" classname="CMSinaipi" time="17.559"/>
  <testcase name="Successful filters Ticket details" classname="CMSinaipi" time="12.778"/>
  <testcase name="Successful Add reports details" classname="CMSinaipi" time="14.862"/>
  <testcase name="Successful Audit reports details" classname="CMSinaipi" time="14.856"/>
  <testcase name="Successful Sla reports details" classname="CMSinaipi" time="16.89"/>
  <testcase name="Successful Ticket history reports details" classname="CMSinaipi" time="10.93"/>
  <testcase name="Successful service complaint reports" classname="CMSinaipi" time="10.684"/>
  <testcase name="Successful  KB view details" classname="CMSinaipi" time="15.803"/>
  <testcase name="Successful Logout" classname="CMSinaipi" time="4.382"/>
</testsuite>